app/build/intermediates/manifest_merge_blame_file/debug/processDebugMainManifest/manifest-merger-blame-debug-report.txt
1<?xml version="1.0" encoding="utf-8"?>
2<manifest xmlns:android="http://schemas.android.com/apk/res/android"
3    package="com.scanrift.android"
4    android:versionCode="1"
5    android:versionName="1.0.0" >
6
7    <uses-sdk
8        android:minSdkVersion="26"
9        android:targetSdkVersion="35" />
10
11    <uses-permission android:name="android.permission.INTERNET" />
11-->src/main/AndroidManifest.xml:5:5-67
11-->src/main/AndroidManifest.xml:5:22-64
12    <uses-permission android:name="android.permission.CAMERA" />
12-->src/main/AndroidManifest.xml:6:5-65
12-->src/main/AndroidManifest.xml:6:22-62
13    <uses-permission android:name="android.permission.VIBRATE" />
13-->src/main/AndroidManifest.xml:7:5-66
13-->src/main/AndroidManifest.xml:7:22-63
14
15    <uses-feature
15-->src/main/AndroidManifest.xml:9:5-85
16        android:name="android.hardware.camera"
16-->src/main/AndroidManifest.xml:9:19-57
17        android:required="false" />
17-->src/main/AndroidManifest.xml:9:58-82
18
19    <permission
19-->[androidx.core:core:1.15.0] AndroidManifest.xml:22:5-24:47
20        android:name="com.scanrift.android.DYNAMIC_RECEIVER_NOT_EXPORTED_PERMISSION"
20-->[androidx.core:core:1.15.0] AndroidManifest.xml:23:9-81
21        android:protectionLevel="signature" />
21-->[androidx.core:core:1.15.0] AndroidManifest.xml:24:9-44
22
23    <uses-permission android:name="com.scanrift.android.DYNAMIC_RECEIVER_NOT_EXPORTED_PERMISSION" /> <!-- Although the *SdkVersion is captured in gradle build files, this is required for non gradle builds -->
23-->[androidx.core:core:1.15.0] AndroidManifest.xml:26:5-97
23-->[androidx.core:core:1.15.0] AndroidManifest.xml:26:22-94
24    <!-- <uses-sdk android:minSdkVersion="14"/> -->
25    <uses-permission android:name="android.permission.ACCESS_NETWORK_STATE" />
25-->[com.google.android.datatransport:transport-backend-cct:2.3.3] AndroidManifest.xml:25:5-79
25-->[com.google.android.datatransport:transport-backend-cct:2.3.3] AndroidManifest.xml:25:22-76
26
27    <application
27-->src/main/AndroidManifest.xml:11:5-40:19
28        android:name="com.scanrift.android.ScanRiftApp"
28-->src/main/AndroidManifest.xml:12:9-36
29        android:allowBackup="true"
29-->src/main/AndroidManifest.xml:13:9-35
30        android:appComponentFactory="androidx.core.app.CoreComponentFactory"
30-->[androidx.core:core:1.15.0] AndroidManifest.xml:28:18-86
31        android:debuggable="true"
32        android:extractNativeLibs="false"
33        android:icon="@mipmap/ic_launcher"
33-->src/main/AndroidManifest.xml:14:9-43
34        android:label="@string/app_name"
34-->src/main/AndroidManifest.xml:15:9-41
35        android:roundIcon="@mipmap/ic_launcher_round"
35-->src/main/AndroidManifest.xml:16:9-54
36        android:supportsRtl="true"
36-->src/main/AndroidManifest.xml:17:9-35
37        android:testOnly="true"
38        android:theme="@style/Theme.ScanRift" >
38-->src/main/AndroidManifest.xml:18:9-46
39        <activity
39-->src/main/AndroidManifest.xml:21:9-29:20
40            android:name="com.scanrift.android.MainActivity"
40-->src/main/AndroidManifest.xml:22:13-41
41            android:exported="true"
41-->src/main/AndroidManifest.xml:23:13-36
42            android:theme="@style/Theme.ScanRift" >
42-->src/main/AndroidManifest.xml:24:13-50
43            <intent-filter>
43-->src/main/AndroidManifest.xml:25:13-28:29
44                <action android:name="android.intent.action.MAIN" />
44-->src/main/AndroidManifest.xml:26:17-69
44-->src/main/AndroidManifest.xml:26:25-66
45
46                <category android:name="android.intent.category.LAUNCHER" />
46-->src/main/AndroidManifest.xml:27:17-77
46-->src/main/AndroidManifest.xml:27:27-74
47            </intent-filter>
48        </activity>
49
50        <provider
51            android:name="androidx.core.content.FileProvider"
51-->src/main/AndroidManifest.xml:32:13-62
52            android:authorities="com.scanrift.android.fileprovider"
52-->src/main/AndroidManifest.xml:33:13-64
53            android:exported="false"
53-->src/main/AndroidManifest.xml:34:13-37
54            android:grantUriPermissions="true" >
54-->src/main/AndroidManifest.xml:35:13-47
55            <meta-data
55-->src/main/AndroidManifest.xml:36:13-38:54
56                android:name="android.support.FILE_PROVIDER_PATHS"
56-->src/main/AndroidManifest.xml:37:17-67
57                android:resource="@xml/file_paths" />
57-->src/main/AndroidManifest.xml:38:17-51
58        </provider>
59
60        <service
60-->[androidx.camera:camera-camera2:1.4.1] AndroidManifest.xml:24:9-33:19
61            android:name="androidx.camera.core.impl.MetadataHolderService"
61-->[androidx.camera:camera-camera2:1.4.1] AndroidManifest.xml:25:13-75
62            android:enabled="false"
62-->[androidx.camera:camera-camera2:1.4.1] AndroidManifest.xml:26:13-36
63            android:exported="false" >
63-->[androidx.camera:camera-camera2:1.4.1] AndroidManifest.xml:27:13-37
64            <meta-data
64-->[androidx.camera:camera-camera2:1.4.1] AndroidManifest.xml:30:13-32:89
65                android:name="androidx.camera.core.impl.MetadataHolderService.DEFAULT_CONFIG_PROVIDER"
65-->[androidx.camera:camera-camera2:1.4.1] AndroidManifest.xml:31:17-103
66                android:value="androidx.camera.camera2.Camera2Config$DefaultProvider" />
66-->[androidx.camera:camera-camera2:1.4.1] AndroidManifest.xml:32:17-86
67        </service>
68        <service
68-->[com.google.android.gms:play-services-mlkit-text-recognition-common:19.1.0] AndroidManifest.xml:9:9-15:19
69            android:name="com.google.mlkit.common.internal.MlKitComponentDiscoveryService"
69-->[com.google.android.gms:play-services-mlkit-text-recognition-common:19.1.0] AndroidManifest.xml:10:13-91
70            android:directBootAware="true"
70-->[com.google.mlkit:common:18.11.0] AndroidManifest.xml:17:13-43
71            android:exported="false" >
71-->[com.google.android.gms:play-services-mlkit-text-recognition-common:19.1.0] AndroidManifest.xml:11:13-37
72            <meta-data
72-->[com.google.android.gms:play-services-mlkit-text-recognition-common:19.1.0] AndroidManifest.xml:12:13-14:85
73                android:name="com.google.firebase.components:com.google.mlkit.vision.text.internal.TextRegistrar"
73-->[com.google.android.gms:play-services-mlkit-text-recognition-common:19.1.0] AndroidManifest.xml:13:17-114
74                android:value="com.google.firebase.components.ComponentRegistrar" />
74-->[com.google.android.gms:play-services-mlkit-text-recognition-common:19.1.0] AndroidManifest.xml:14:17-82
75            <meta-data
75-->[com.google.mlkit:vision-common:17.3.0] AndroidManifest.xml:12:13-14:85
76                android:name="com.google.firebase.components:com.google.mlkit.vision.common.internal.VisionCommonRegistrar"
76-->[com.google.mlkit:vision-common:17.3.0] AndroidManifest.xml:13:17-124
77                android:value="com.google.firebase.components.ComponentRegistrar" />
77-->[com.google.mlkit:vision-common:17.3.0] AndroidManifest.xml:14:17-82
78            <meta-data
78-->[com.google.mlkit:common:18.11.0] AndroidManifest.xml:20:13-22:85
79                android:name="com.google.firebase.components:com.google.mlkit.common.internal.CommonComponentRegistrar"
79-->[com.google.mlkit:common:18.11.0] AndroidManifest.xml:21:17-120
80                android:value="com.google.firebase.components.ComponentRegistrar" />
80-->[com.google.mlkit:common:18.11.0] AndroidManifest.xml:22:17-82
81        </service>
82
83        <provider
83-->[com.google.mlkit:common:18.11.0] AndroidManifest.xml:9:9-13:38
84            android:name="com.google.mlkit.common.internal.MlKitInitProvider"
84-->[com.google.mlkit:common:18.11.0] AndroidManifest.xml:10:13-78
85            android:authorities="com.scanrift.android.mlkitinitprovider"
85-->[com.google.mlkit:common:18.11.0] AndroidManifest.xml:11:13-69
86            android:exported="false"
86-->[com.google.mlkit:common:18.11.0] AndroidManifest.xml:12:13-37
87            android:initOrder="99" />
87-->[com.google.mlkit:common:18.11.0] AndroidManifest.xml:13:13-35
88
89        <activity
89-->[com.google.android.gms:play-services-base:18.5.0] AndroidManifest.xml:5:9-173
90            android:name="com.google.android.gms.common.api.GoogleApiActivity"
90-->[com.google.android.gms:play-services-base:18.5.0] AndroidManifest.xml:5:19-85
91            android:exported="false"
91-->[com.google.android.gms:play-services-base:18.5.0] AndroidManifest.xml:5:146-170
92            android:theme="@android:style/Theme.Translucent.NoTitleBar" />
92-->[com.google.android.gms:play-services-base:18.5.0] AndroidManifest.xml:5:86-145
93
94        <meta-data
94-->[com.google.android.gms:play-services-basement:18.4.0] AndroidManifest.xml:6:9-122
95            android:name="com.google.android.gms.version"
95-->[com.google.android.gms:play-services-basement:18.4.0] AndroidManifest.xml:6:20-65
96            android:value="@integer/google_play_services_version" />
96-->[com.google.android.gms:play-services-basement:18.4.0] AndroidManifest.xml:6:66-119
97
98        <provider
98-->[androidx.emoji2:emoji2:1.3.0] AndroidManifest.xml:24:9-32:20
99            android:name="androidx.startup.InitializationProvider"
99-->[androidx.emoji2:emoji2:1.3.0] AndroidManifest.xml:25:13-67
100            android:authorities="com.scanrift.android.androidx-startup"
100-->[androidx.emoji2:emoji2:1.3.0] AndroidManifest.xml:26:13-68
101            android:exported="false" >
101-->[androidx.emoji2:emoji2:1.3.0] AndroidManifest.xml:27:13-37
102            <meta-data
102-->[androidx.emoji2:emoji2:1.3.0] AndroidManifest.xml:29:13-31:52
103                android:name="androidx.emoji2.text.EmojiCompatInitializer"
103-->[androidx.emoji2:emoji2:1.3.0] AndroidManifest.xml:30:17-75
104                android:value="androidx.startup" />
104-->[androidx.emoji2:emoji2:1.3.0] AndroidManifest.xml:31:17-49
105            <meta-data
105-->[androidx.lifecycle:lifecycle-process:2.8.7] AndroidManifest.xml:29:13-31:52
106                android:name="androidx.lifecycle.ProcessLifecycleInitializer"
106-->[androidx.lifecycle:lifecycle-process:2.8.7] AndroidManifest.xml:30:17-78
107                android:value="androidx.startup" />
107-->[androidx.lifecycle:lifecycle-process:2.8.7] AndroidManifest.xml:31:17-49
108            <meta-data
108-->[androidx.profileinstaller:profileinstaller:1.3.1] AndroidManifest.xml:29:13-31:52
109                android:name="androidx.profileinstaller.ProfileInstallerInitializer"
109-->[androidx.profileinstaller:profileinstaller:1.3.1] AndroidManifest.xml:30:17-85
110                android:value="androidx.startup" />
110-->[androidx.profileinstaller:profileinstaller:1.3.1] AndroidManifest.xml:31:17-49
111        </provider>
112
113        <activity
113-->[androidx.compose.ui:ui-test-manifest:1.7.6] AndroidManifest.xml:23:9-25:39
114            android:name="androidx.activity.ComponentActivity"
114-->[androidx.compose.ui:ui-test-manifest:1.7.6] AndroidManifest.xml:24:13-63
115            android:exported="true" />
115-->[androidx.compose.ui:ui-test-manifest:1.7.6] AndroidManifest.xml:25:13-36
116        <activity
116-->[androidx.compose.ui:ui-tooling-android:1.7.6] AndroidManifest.xml:23:9-25:39
117            android:name="androidx.compose.ui.tooling.PreviewActivity"
117-->[androidx.compose.ui:ui-tooling-android:1.7.6] AndroidManifest.xml:24:13-71
118            android:exported="true" />
118-->[androidx.compose.ui:ui-tooling-android:1.7.6] AndroidManifest.xml:25:13-36
119
120        <service
120-->[androidx.room:room-runtime-android:2.8.4] AndroidManifest.xml:24:9-28:63
121            android:name="androidx.room.MultiInstanceInvalidationService"
121-->[androidx.room:room-runtime-android:2.8.4] AndroidManifest.xml:25:13-74
122            android:directBootAware="true"
122-->[androidx.room:room-runtime-android:2.8.4] AndroidManifest.xml:26:13-43
123            android:exported="false" />
123-->[androidx.room:room-runtime-android:2.8.4] AndroidManifest.xml:27:13-37
124
125        <receiver
125-->[androidx.profileinstaller:profileinstaller:1.3.1] AndroidManifest.xml:34:9-52:20
126            android:name="androidx.profileinstaller.ProfileInstallReceiver"
126-->[androidx.profileinstaller:profileinstaller:1.3.1] AndroidManifest.xml:35:13-76
127            android:directBootAware="false"
127-->[androidx.profileinstaller:profileinstaller:1.3.1] AndroidManifest.xml:36:13-44
128            android:enabled="true"
128-->[androidx.profileinstaller:profileinstaller:1.3.1] AndroidManifest.xml:37:13-35
129            android:exported="true"
129-->[androidx.profileinstaller:profileinstaller:1.3.1] AndroidManifest.xml:38:13-36
130            android:permission="android.permission.DUMP" >
130-->[androidx.profileinstaller:profileinstaller:1.3.1] AndroidManifest.xml:39:13-57
131            <intent-filter>
131-->[androidx.profileinstaller:profileinstaller:1.3.1] AndroidManifest.xml:40:13-42:29
132                <action android:name="androidx.profileinstaller.action.INSTALL_PROFILE" />
132-->[androidx.profileinstaller:profileinstaller:1.3.1] AndroidManifest.xml:41:17-91
132-->[androidx.profileinstaller:profileinstaller:1.3.1] AndroidManifest.xml:41:25-88
133            </intent-filter>
134            <intent-filter>
134-->[androidx.profileinstaller:profileinstaller:1.3.1] AndroidManifest.xml:43:13-45:29
135                <action android:name="androidx.profileinstaller.action.SKIP_FILE" />
135-->[androidx.profileinstaller:profileinstaller:1.3.1] AndroidManifest.xml:44:17-85
135-->[androidx.profileinstaller:profileinstaller:1.3.1] AndroidManifest.xml:44:25-82
136            </intent-filter>
137            <intent-filter>
137-->[androidx.profileinstaller:profileinstaller:1.3.1] AndroidManifest.xml:46:13-48:29
138                <action android:name="androidx.profileinstaller.action.SAVE_PROFILE" />
138-->[androidx.profileinstaller:profileinstaller:1.3.1] AndroidManifest.xml:47:17-88
138-->[androidx.profileinstaller:profileinstaller:1.3.1] AndroidManifest.xml:47:25-85
139            </intent-filter>
140            <intent-filter>
140-->[androidx.profileinstaller:profileinstaller:1.3.1] AndroidManifest.xml:49:13-51:29
141                <action android:name="androidx.profileinstaller.action.BENCHMARK_OPERATION" />
141-->[androidx.profileinstaller:profileinstaller:1.3.1] AndroidManifest.xml:50:17-95
141-->[androidx.profileinstaller:profileinstaller:1.3.1] AndroidManifest.xml:50:25-92
142            </intent-filter>
143        </receiver>
144
145        <service
145-->[com.google.android.datatransport:transport-backend-cct:2.3.3] AndroidManifest.xml:29:9-35:19
146            android:name="com.google.android.datatransport.runtime.backends.TransportBackendDiscovery"
146-->[com.google.android.datatransport:transport-backend-cct:2.3.3] AndroidManifest.xml:30:13-103
147            android:exported="false" >
147-->[com.google.android.datatransport:transport-backend-cct:2.3.3] AndroidManifest.xml:31:13-37
148            <meta-data
148-->[com.google.android.datatransport:transport-backend-cct:2.3.3] AndroidManifest.xml:32:13-34:39
149                android:name="backend:com.google.android.datatransport.cct.CctBackendFactory"
149-->[com.google.android.datatransport:transport-backend-cct:2.3.3] AndroidManifest.xml:33:17-94
150                android:value="cct" />
150-->[com.google.android.datatransport:transport-backend-cct:2.3.3] AndroidManifest.xml:34:17-36
151        </service>
152        <service
152-->[com.google.android.datatransport:transport-runtime:2.2.6] AndroidManifest.xml:26:9-30:19
153            android:name="com.google.android.datatransport.runtime.scheduling.jobscheduling.JobInfoSchedulerService"
153-->[com.google.android.datatransport:transport-runtime:2.2.6] AndroidManifest.xml:27:13-117
154            android:exported="false"
154-->[com.google.android.datatransport:transport-runtime:2.2.6] AndroidManifest.xml:28:13-37
155            android:permission="android.permission.BIND_JOB_SERVICE" >
155-->[com.google.android.datatransport:transport-runtime:2.2.6] AndroidManifest.xml:29:13-69
156        </service>
157
158        <receiver
158-->[com.google.android.datatransport:transport-runtime:2.2.6] AndroidManifest.xml:32:9-34:40
159            android:name="com.google.android.datatransport.runtime.scheduling.jobscheduling.AlarmManagerSchedulerBroadcastReceiver"
159-->[com.google.android.datatransport:transport-runtime:2.2.6] AndroidManifest.xml:33:13-132
160            android:exported="false" />
160-->[com.google.android.datatransport:transport-runtime:2.2.6] AndroidManifest.xml:34:13-37
161    </application>
162
163</manifest>